<?xml version="1.0" encoding="UTF-8" ?>
<testsuite tests="7" failures="0" name="com.cucumberrunner.TestRunner" time="0.002" errors="0" skipped="0">
  <properties>
[...]
</properties>
  <testcase classname="Scenario: Login With Valid Data" name="Given I am in Home page" time="0.001"/>
  <testcase classname="Scenario: Login With Valid Data" name="When I Select on Login Link" time="0"/>
  <testcase classname="Scenario: Login With Valid Data" name="And I should see the login page" time="0"/>
  <testcase classname="Scenario: Login With Valid Data" name="And I enter the valid email address and valid password" time="0"/>
  <testcase classname="Scenario: Login With Valid Data" name="And I click login buuton" time="0"/>
  <testcase classname="Scenario: Login With Valid Data" name="Then i should see the welcome page" time="0"/>
  <testcase classname="Scenario: Login With Valid Data" name="Scenario: Login With Valid Data" time="0.001"/>
</testsuite>